<?xml version="1.0" encoding="UTF-8"?>
<!-- Generated by org.testng.reporters.JUnitReportReporter -->
<testsuite skipped="0" hostname="DESKTOP-UFNK8MN" name="com.acti.base.DriverScript" tests="1" failures="0" timestamp="2020-07-30T13:14:42 PDT" time="13.045" errors="0">
  <testcase name="initBrowser" time="13.045" classname="com.acti.base.DriverScript"/>
  <system-out/>
</testsuite> <!-- com.acti.base.DriverScript -->
